#
# There is insufficient memory for the Java Runtime Environment to continue.
# Native memory allocation (mmap) failed to map 190840832 bytes for G1 virtual space
# Possible reasons:
#   The system is out of physical RAM or swap space
#   The process is running with CompressedOops enabled, and the Java Heap may be blocking the growth of the native heap
# Possible solutions:
#   Reduce memory load on the system
#   Increase physical memory or swap space
#   Check if swap backing store is full
#   Decrease Java heap size (-Xmx/-Xms)
#   Decrease number of Java threads
#   Decrease Java thread stack sizes (-Xss)
#   Set larger code cache with -XX:ReservedCodeCacheSize=
#   JVM is running with Zero Based Compressed Oops mode in which the Java heap is
#     placed in the first 32GB address space. The Java Heap base address is the
#     maximum limit for the native heap growth. Please use -XX:HeapBaseMinAddress
#     to set the Java Heap base and to place the Java Heap above 32GB virtual address.
# This output file may be truncated or incomplete.
#
#  Out of Memory Error (os_windows.cpp:3469), pid=8580, tid=13888
#
# JRE version:  (17.0.1+12) (build )
# Java VM: OpenJDK 64-Bit Server VM (17.0.1+12-39, mixed mode, sharing, tiered, compressed oops, compressed class ptrs, g1 gc, windows-amd64)
# No core dump will be written. Minidumps are not enabled by default on client versions of Windows
#

---------------  S U M M A R Y ------------

Command Line: -javaagent:C:\Users\bonjo\AppData\Local\JetBrains\IntelliJIdea2021.2\testAgent\intellij-coverage-agent-1.0.589.jar=C:\Users\bonjo\AppData\Local\Temp\coverageargs -Didea.new.sampling.coverage=true -Dcoverage.ignore.private.constructor.util.class=true -javaagent:C:\Program Files\JetBrains\IntelliJ IDEA 2021.2.2\lib\idea_rt.jar=53952:C:\Program Files\JetBrains\IntelliJ IDEA 2021.2.2\bin -Dfile.encoding=UTF-8 ru.vsu.cs.course1.tree.demo.Program

Host: AMD Ryzen 7 4700U with Radeon Graphics         , 8 cores, 11G,  Windows 10 , 64 bit Build 19041 (10.0.19041.1741)
Time: Sun Jun 26 15:13:57 2022 RTZ 2 (s 10 , 64 bit Build 19041 (10.0.19041.1741) elapsed time: 0.010875 seconds (0d 0h 0m 0s)

---------------  T H R E A D  ---------------

Current thread (0x000002778d67e1e0):  JavaThread "Unknown thread" [_thread_in_vm, id=13888, stack(0x000000edcfd00000,0x000000edcfe00000)]

Stack: [0x000000edcfd00000,0x000000edcfe00000]
Native frames: (J=compiled Java code, j=interpreted, Vv=VM code, C=native code)
V  [jvm.dll+0x66fa1a]
V  [jvm.dll+0x7ce5a4]
V  [jvm.dll+0x7cfd4e]
V  [jvm.dll+0x7d03b3]
V  [jvm.dll+0x242b05]
V  [jvm.dll+0x66ca39]
V  [jvm.dll+0x661502]
V  [jvm.dll+0x30081b]
V  [jvm.dll+0x307da6]
V  [jvm.dll+0x357a1e]
V  [jvm.dll+0x357c4f]
V  [jvm.dll+0x2d7ad8]
V  [jvm.dll+0x2d8a44]
V  [jvm.dll+0x7a01e1]
V  [jvm.dll+0x365791]
V  [jvm.dll+0x77f6cc]
V  [jvm.dll+0x3e812f]
V  [jvm.dll+0x3e9bd1]
C  [jli.dll+0x527b]
C  [ucrtbase.dll+0x21bb2]
C  [KERNEL32.DLL+0x17034]
C  [ntdll.dll+0x52651]


---------------  P R O C E S S  ---------------

Threads class SMR info:
_java_thread_list=0x00007ff94cf17818, length=0, elements={
}

Java Threads: ( => current thread )

Other Threads:
  0x000002778d6c3a70 GCTaskThread "GC Thread#0" [stack: 0x000000edcfe00000,0x000000edcff00000] [id=3508]
  0x000002778d6cf750 ConcurrentGCThread "G1 Main Marker" [stack: 0x000000edcff00000,0x000000edd0000000] [id=7752]
  0x000002778d69dd80 ConcurrentGCThread "G1 Conc#0" [stack: 0x000000edd0000000,0x000000edd0100000] [id=8620]

[error occurred during error reporting (printing all threads), id 0xc0000005, EXCEPTION_ACCESS_VIOLATION (0xc0000005) at pc=0x00007ff94c7684b7]

VM state: not at safepoint (not fully initialized)

VM Mutex/Monitor currently owned by a thread:  ([mutex/lock_event])
[0x000002778d679680] Heap_lock - owner thread: 0x000002778d67e1e0

Heap address: 0x000000074a200000, size: 2910 MB, Compressed Oops mode: Zero based, Oop shift amount: 3

CDS archive(s) mapped at: [0x0000000000000000-0x0000000000000000-0x0000000000000000), size 0, SharedBaseAddress: 0x0000000800000000, ArchiveRelocationMode: 0.
Narrow klass base: 0x0000000000000000, Narrow klass shift: 0, Narrow klass range: 0x0

GC Precious Log:
<Empty>

Heap:
 garbage-first heap   total 0K, used 0K [0x000000074a200000, 0x0000000800000000)
  region size 2048K, 0 young (0K), 0 survivors (0K)

[error occurred during error reporting (printing heap information), id 0xc0000005, EXCEPTION_ACCESS_VIOLATION (0xc0000005) at pc=0x00007ff94cb48d89]

GC Heap History (0 events):
No events

Deoptimization events (0 events):
No events

Classes unloaded (0 events):
No events

Classes redefined (0 events):
No events

Internal exceptions (0 events):
No events

VM Operations (0 events):
No events

Events (2 events):
Event: 0.006 Loaded shared library C:\Users\bonjo\.jdks\openjdk-17.0.1\bin\java.dll
Event: 0.007 Loaded shared library C:\Users\bonjo\.jdks\openjdk-17.0.1\bin\zip.dll


Dynamic libraries:
0x00007ff733020000 - 0x00007ff73302e000 	C:\Users\bonjo\.jdks\openjdk-17.0.1\bin\java.exe
0x00007ff9a0990000 - 0x00007ff9a0b87000 	C:\Windows\SYSTEM32\ntdll.dll
0x00007ff99fdd0000 - 0x00007ff99fe8d000 	C:\Windows\System32\KERNEL32.DLL
0x00007ff99e1a0000 - 0x00007ff99e46d000 	C:\Windows\System32\KERNELBASE.dll
0x00007ff99b980000 - 0x00007ff99b998000 	C:\Users\bonjo\.jdks\openjdk-17.0.1\bin\jli.dll
0x00007ff99e8f0000 - 0x00007ff99e9f0000 	C:\Windows\System32\ucrtbase.dll
0x00007ff99b960000 - 0x00007ff99b97a000 	C:\Users\bonjo\.jdks\openjdk-17.0.1\bin\VCRUNTIME140.dll
0x00007ff9a0710000 - 0x00007ff9a08b0000 	C:\Windows\System32\USER32.dll
0x00007ff987c00000 - 0x00007ff987e9a000 	C:\Windows\WinSxS\amd64_microsoft.windows.common-controls_6595b64144ccf1df_6.0.19041.1110_none_60b5254171f9507e\COMCTL32.dll
0x00007ff99e720000 - 0x00007ff99e742000 	C:\Windows\System32\win32u.dll
0x00007ff99fe90000 - 0x00007ff99ff2e000 	C:\Windows\System32\msvcrt.dll
0x00007ff9a03a0000 - 0x00007ff9a03ca000 	C:\Windows\System32\GDI32.dll
0x00007ff99e750000 - 0x00007ff99e85b000 	C:\Windows\System32\gdi32full.dll
0x00007ff99e0b0000 - 0x00007ff99e14d000 	C:\Windows\System32\msvcp_win.dll
0x00007ff99ff30000 - 0x00007ff99ff60000 	C:\Windows\System32\IMM32.DLL
0x00007ff99b950000 - 0x00007ff99b95c000 	C:\Users\bonjo\.jdks\openjdk-17.0.1\bin\vcruntime140_1.dll
0x00007ff982720000 - 0x00007ff9827ad000 	C:\Users\bonjo\.jdks\openjdk-17.0.1\bin\msvcp140.dll
0x00007ff94c480000 - 0x00007ff94d03e000 	C:\Users\bonjo\.jdks\openjdk-17.0.1\bin\server\jvm.dll
0x00007ff99ed40000 - 0x00007ff99edee000 	C:\Windows\System32\ADVAPI32.dll
0x00007ff9a08b0000 - 0x00007ff9a094c000 	C:\Windows\System32\sechost.dll
0x00007ff9a0490000 - 0x00007ff9a05b5000 	C:\Windows\System32\RPCRT4.dll
0x00007ff9a0330000 - 0x00007ff9a0338000 	C:\Windows\System32\PSAPI.DLL
0x00007ff981000000 - 0x00007ff981009000 	C:\Windows\SYSTEM32\WSOCK32.dll
0x00007ff994200000 - 0x00007ff994227000 	C:\Windows\SYSTEM32\WINMM.dll
0x00007ff994240000 - 0x00007ff99424a000 	C:\Windows\SYSTEM32\VERSION.dll
0x00007ff99ff60000 - 0x00007ff99ffcb000 	C:\Windows\System32\WS2_32.dll
0x00007ff99bf80000 - 0x00007ff99bf92000 	C:\Windows\SYSTEM32\kernel.appcore.dll
0x00007ff999ec0000 - 0x00007ff999eca000 	C:\Users\bonjo\.jdks\openjdk-17.0.1\bin\jimage.dll
0x00007ff98c190000 - 0x00007ff98c374000 	C:\Windows\SYSTEM32\DBGHELP.DLL
0x00007ff983d60000 - 0x00007ff983d8c000 	C:\Windows\SYSTEM32\dbgcore.DLL
0x00007ff99e860000 - 0x00007ff99e8e2000 	C:\Windows\System32\bcryptPrimitives.dll
0x00007ff999b70000 - 0x00007ff999b7e000 	C:\Users\bonjo\.jdks\openjdk-17.0.1\bin\instrument.dll
0x00007ff9870b0000 - 0x00007ff9870d5000 	C:\Users\bonjo\.jdks\openjdk-17.0.1\bin\java.dll
0x00007ff982700000 - 0x00007ff982718000 	C:\Users\bonjo\.jdks\openjdk-17.0.1\bin\zip.dll

dbghelp: loaded successfully - version: 4.0.5 - missing functions: none
symbol engine: initialized successfully - sym options: 0x614 - pdb path: .;C:\Users\bonjo\.jdks\openjdk-17.0.1\bin;C:\Windows\SYSTEM32;C:\Windows\WinSxS\amd64_microsoft.windows.common-controls_6595b64144ccf1df_6.0.19041.1110_none_60b5254171f9507e;C:\Users\bonjo\.jdks\openjdk-17.0.1\bin\server

VM Arguments:
jvm_args: -javaagent:C:\Users\bonjo\AppData\Local\JetBrains\IntelliJIdea2021.2\testAgent\intellij-coverage-agent-1.0.589.jar=C:\Users\bonjo\AppData\Local\Temp\coverageargs -Didea.new.sampling.coverage=true -Dcoverage.ignore.private.constructor.util.class=true -javaagent:C:\Program Files\JetBrains\IntelliJ IDEA 2021.2.2\lib\idea_rt.jar=53952:C:\Program Files\JetBrains\IntelliJ IDEA 2021.2.2\bin -Dfile.encoding=UTF-8 
java_command: ru.vsu.cs.course1.tree.demo.Program
java_class_path (initial): C:\Users\bonjo\IdeaProjects\TreeSamples Task 5 - 3\out\production\TreeSamples Task 5 - 3;C:\Users\bonjo\IdeaProjects\TreeSamples Task 5 - 3\TreeSamples\out\artifacts\TreeSamples_jar\TreeSamples.jar;C:\Users\bonjo\IdeaProjects\TreeSamples Task 5 - 3\TreeSamples\lib\jfreesvg-3.4-sources.jar;C:\Users\bonjo\IdeaProjects\TreeSamples Task 5 - 3\TreeSamples\lib\asm-commons-3.0.jar;C:\Users\bonjo\IdeaProjects\TreeSamples Task 5 - 3\TreeSamples\lib\forms_rt-7.0.3.jar;C:\Users\bonjo\IdeaProjects\TreeSamples Task 5 - 3\TreeSamples\lib\forms-1.1-preview.jar;C:\Users\bonjo\IdeaProjects\TreeSamples Task 5 - 3\TreeSamples\lib\jfreesvg-3.4.jar;C:\Users\bonjo\IdeaProjects\TreeSamples Task 5 - 3\TreeSamples\lib\asm-3.0.jar;C:\Users\bonjo\IdeaProjects\TreeSamples Task 5 - 3\TreeSamples\lib\jdom-1.0.jar;C:\Users\bonjo\IdeaProjects\TreeSamples Task 5 - 3\TreeSamples\lib\asm-tree-3.0.jar
Launcher Type: SUN_STANDARD

[Global flags]
     intx CICompilerCount                          = 4                                         {product} {ergonomic}
     uint ConcGCThreads                            = 2                                         {product} {ergonomic}
     uint G1ConcRefinementThreads                  = 8                                         {product} {ergonomic}
   size_t G1HeapRegionSize                         = 2097152                                   {product} {ergonomic}
    uintx GCDrainStackTargetSize                   = 64                                        {product} {ergonomic}
   size_t InitialHeapSize                          = 190840832                                 {product} {ergonomic}
   size_t MarkStackSize                            = 4194304                                   {product} {ergonomic}
   size_t MaxHeapSize                              = 3051356160                                {product} {ergonomic}
   size_t MinHeapDeltaBytes                        = 2097152                                   {product} {ergonomic}
   size_t MinHeapSize                              = 8388608                                   {product} {ergonomic}
    uintx NonNMethodCodeHeapSize                   = 5839372                                {pd product} {ergonomic}
    uintx NonProfiledCodeHeapSize                  = 122909434                              {pd product} {ergonomic}
    uintx ProfiledCodeHeapSize                     = 122909434                              {pd product} {ergonomic}
    uintx ReservedCodeCacheSize                    = 251658240                              {pd product} {ergonomic}
     bool SegmentedCodeCache                       = true                                      {product} {ergonomic}
   size_t SoftMaxHeapSize                          = 3051356160                             {manageable} {ergonomic}
     bool UseCompressedClassPointers               = true                           {product lp64_product} {ergonomic}
     bool UseCompressedOops                        = true                           {product lp64_product} {ergonomic}
     bool UseG1GC                                  = true                                      {product} {ergonomic}
     bool UseLargePagesIndividualAllocation        = false                                  {pd product} {ergonomic}

Logging:
Log output configuration:
 #0: stdout all=warning uptime,level,tags
 #1: stderr all=off uptime,level,tags

Environment Variables:
PATH=C:\Program Files (x86)\dotnet\
USERNAME=bonjo
OS=Windows_NT
PROCESSOR_IDENTIFIER=AMD64 Family 23 Model 96 Stepping 1, AuthenticAMD



---------------  S Y S T E M  ---------------

OS:
 Windows 10 , 64 bit Build 19041 (10.0.19041.1741)
OS uptime: 0 days 3:58 hours

CPU: total 8 (initial active 8) (8 cores per cpu, 1 threads per core) family 23 model 96 stepping 1 microcode 0x0, cx8, cmov, fxsr, mmx, 3dnowpref, sse, sse2, sse3, ssse3, sse4a, sse4.1, sse4.2, popcnt, lzcnt, tsc, tscinvbit, avx, avx2, aes, clmul, bmi1, bmi2, adx, sha, fma, vzeroupper, clflush, clflushopt

Memory: 4k page, system-wide physical 11637M (4409M free)
TotalPageFile size 42082M (AvailPageFile size 21M)
current process WorkingSet (physical memory assigned to process): 10M, peak: 10M
current process commit charge ("private bytes"): 60M, peak: 242M

vm_info: OpenJDK 64-Bit Server VM (17.0.1+12-39) for windows-amd64 JRE (17.0.1+12-39), built on Sep 27 2021 18:39:29 by "mach5one" with MS VC++ 16.8 (VS2019)

END.
